2025-11-13 18:59:57 - Backup command executed
Command: "C:\xampp\mysql\bin\mysqldump.exe" --host="localhost" --user="root" --password="" "medivaultdb" > "../backups/backup_manual_20251113_185957.sql" 2>&1
Exit code: 0
Output:


2025-11-13 19:13:04 - DB insert failed: SQLSTATE[42S22]: Column not found: 1054 Unknown column 'user_id' in 'field list'
2025-11-13 19:17:17 - DB insert failed: SQLSTATE[42S22]: Column not found: 1054 Unknown column 'user_id' in 'field list'
2025-11-13 19:19:41 - DB insert failed: SQLSTATE[42S22]: Column not found: 1054 Unknown column 'user_id' in 'field list'
2025-11-13 19:22:31 - DB insert failed: SQLSTATE[42S22]: Column not found: 1054 Unknown column 'user_id' in 'field list'
2025-11-13 19:26:33 - DB insert failed: SQLSTATE[42S22]: Column not found: 1054 Unknown column 'user_id' in 'field list'
2025-11-13 19:30:34 - DB insert failed: SQLSTATE[42S22]: Column not found: 1054 Unknown column 'user_id' in 'field list'
2025-11-13 19:31:04 - DB insert failed: SQLSTATE[42S22]: Column not found: 1054 Unknown column 'user_id' in 'field list'
2025-11-13 19:32:44 DB insert failed: SQLSTATE[42S22]: Column not found: 1054 Unknown column 'user_id' in 'field list'
2025-11-13 19:32:57 - DB insert failed: SQLSTATE[42S22]: Column not found: 1054 Unknown column 'user_id' in 'field list'
2025-11-13 19:33:06 - DB insert failed: SQLSTATE[42S22]: Column not found: 1054 Unknown column 'user_id' in 'field list'
2025-11-13 19:34:33 - DB insert failed: SQLSTATE[42S22]: Column not found: 1054 Unknown column 'user_id' in 'field list'
2025-11-13 19:38:52 - DB insert failed: SQLSTATE[42S22]: Column not found: 1054 Unknown column 'user_id' in 'field list'
2025-11-13 19:39:36 - DB insert failed: SQLSTATE[42S22]: Column not found: 1054 Unknown column 'user_id' in 'field list'
2025-11-13 21:23:58 - DB insert failed: SQLSTATE[42S22]: Column not found: 1054 Unknown column 'user_id' in 'field list'
2025-11-13 22:11:09 - DB insert failed: SQLSTATE[42S22]: Column not found: 1054 Unknown column 'user_id' in 'field list'
2025-11-13 22:13:10 - DB insert failed: SQLSTATE[42S22]: Column not found: 1054 Unknown column 'user_id' in 'field list'
2025-11-13 22:18:20 - DB insert failed: SQLSTATE[42S22]: Column not found: 1054 Unknown column 'user_id' in 'field list'
2025-11-13 22:18:30 - DB insert failed: SQLSTATE[42S22]: Column not found: 1054 Unknown column 'user_id' in 'field list'
